2026-02-23T11:38:38.611+08:00  WARN 10376 --- [HikariPool-1 housekeeper] com.zaxxer.hikari.pool.HikariPool        : HikariPool-1 - Thread starvation or clock leap detected (housekeeper delta=12h12m38s83ms183µs800ns).
2026-02-23T11:41:37.830+08:00 DEBUG 10376 --- [http-nio-8080-exec-5] o.s.jdbc.datasource.DataSourceUtils      : Fetching JDBC Connection from DataSource
2026-02-23T11:41:37.833+08:00 DEBUG 10376 --- [http-nio-8080-exec-5] c.e.t.mapper.ShowMapper.findHomeShows    : ==>  Preparing: SELECT * FROM `show_info` WHERE status = 1 AND city = ? ORDER BY sale_start_time DESC LIMIT ?
2026-02-23T11:41:37.839+08:00 DEBUG 10376 --- [http-nio-8080-exec-5] c.e.t.mapper.ShowMapper.findHomeShows    : ==> Parameters: 北京(String), 10(Integer)
2026-02-23T11:41:37.861+08:00 TRACE 10376 --- [http-nio-8080-exec-5] c.e.t.mapper.ShowMapper.findHomeShows    : <==    Columns: id, title, description, category, city, venue, cover_image, start_time, end_time, min_price, max_price, status, total_stock, available_stock, sale_start_time, created_at, updated_at
2026-02-23T11:41:37.867+08:00 TRACE 10376 --- [http-nio-8080-exec-5] c.e.t.mapper.ShowMapper.findHomeShows    : <==        Row: 2, 话剧《茶馆》- 北京人民艺术剧院, <<BLOB>>, drama, 北京, 首都剧场, /images/teahouse.jpg, 2024-07-15 19:00:00, 2024-07-15 21:30:00, 180.00, 880.00, 1, 500, 500, 2024-06-01 10:00:00, 2025-12-31 08:27:54, 2025-12-31 08:27:54
2026-02-23T11:41:37.871+08:00 TRACE 10376 --- [http-nio-8080-exec-5] c.e.t.mapper.ShowMapper.findHomeShows    : <==        Row: 5, 话剧《茶馆》- 北京人民艺术剧院, <<BLOB>>, drama, 北京, 首都剧场, /images/teahouse.jpg, 2024-07-15 19:00:00, 2024-07-15 21:30:00, 180.00, 880.00, 1, 500, 500, 2024-06-01 10:00:00, 2026-02-20 11:50:59, 2026-02-20 11:50:59
2026-02-23T11:41:37.873+08:00 TRACE 10376 --- [http-nio-8080-exec-5] c.e.t.mapper.ShowMapper.findHomeShows    : <==        Row: 8, 话剧《茶馆》- 北京人民艺术剧院, <<BLOB>>, drama, 北京, 首都剧场, /images/teahouse.jpg, 2024-07-15 19:00:00, 2024-07-15 21:30:00, 180.00, 880.00, 1, 500, 500, 2024-06-01 10:00:00, 2026-02-22 10:48:13, 2026-02-22 10:48:13
2026-02-23T11:41:37.876+08:00 TRACE 10376 --- [http-nio-8080-exec-5] c.e.t.mapper.ShowMapper.findHomeShows    : <==        Row: 11, 话剧《茶馆》- 北京人民艺术剧院, <<BLOB>>, drama, 北京, 首都剧场, /images/teahouse.jpg, 2024-07-15 19:00:00, 2024-07-15 21:30:00, 180.00, 880.00, 1, 500, 500, 2024-06-01 10:00:00, 2026-02-22 11:02:05, 2026-02-22 11:02:05
2026-02-23T11:41:37.876+08:00 TRACE 10376 --- [http-nio-8080-exec-5] c.e.t.mapper.ShowMapper.findHomeShows    : <==        Row: 14, 话剧《茶馆》- 北京人民艺术剧院, <<BLOB>>, drama, 北京, 首都剧场, /images/teahouse.jpg, 2024-07-15 19:00:00, 2024-07-15 21:30:00, 180.00, 880.00, 1, 500, 500, 2024-06-01 10:00:00, 2026-02-22 11:13:20, 2026-02-22 11:13:20
2026-02-23T11:41:37.878+08:00 TRACE 10376 --- [http-nio-8080-exec-5] c.e.t.mapper.ShowMapper.findHomeShows    : <==        Row: 17, 话剧《茶馆》- 北京人民艺术剧院, <<BLOB>>, drama, 北京, 首都剧场, /images/teahouse.jpg, 2024-07-15 19:00:00, 2024-07-15 21:30:00, 180.00, 880.00, 1, 500, 500, 2024-06-01 10:00:00, 2026-02-22 12:30:47, 2026-02-22 12:30:47
2026-02-23T11:41:37.880+08:00 TRACE 10376 --- [http-nio-8080-exec-5] c.e.t.mapper.ShowMapper.findHomeShows    : <==        Row: 1, 周杰伦「嘉年华」世界巡回演唱会-北京站, <<BLOB>>, concert, 北京, 国家体育场（鸟巢）, /images/jay.jpg, 2024-06-20 19:30:00, 2024-06-20 22:30:00, 580.00, 2580.00, 1, 10000, 10000, 2024-05-01 10:00:00, 2025-12-31 08:27:54, 2025-12-31 08:27:54
2026-02-23T11:41:37.880+08:00 TRACE 10376 --- [http-nio-8080-exec-5] c.e.t.mapper.ShowMapper.findHomeShows    : <==        Row: 4, 周杰伦「嘉年华」世界巡回演唱会-北京站, <<BLOB>>, concert, 北京, 国家体育场（鸟巢）, /images/jay.jpg, 2024-06-20 19:30:00, 2024-06-20 22:30:00, 580.00, 2580.00, 1, 10000, 10000, 2024-05-01 10:00:00, 2026-02-20 11:50:59, 2026-02-20 11:50:59
2026-02-23T11:41:37.884+08:00 TRACE 10376 --- [http-nio-8080-exec-5] c.e.t.mapper.ShowMapper.findHomeShows    : <==        Row: 7, 周杰伦「嘉年华」世界巡回演唱会-北京站, <<BLOB>>, concert, 北京, 国家体育场（鸟巢）, /images/jay.jpg, 2024-06-20 19:30:00, 2024-06-20 22:30:00, 580.00, 2580.00, 1, 10000, 10000, 2024-05-01 10:00:00, 2026-02-22 10:48:13, 2026-02-22 10:48:13
2026-02-23T11:41:37.886+08:00 TRACE 10376 --- [http-nio-8080-exec-5] c.e.t.mapper.ShowMapper.findHomeShows    : <==        Row: 10, 周杰伦「嘉年华」世界巡回演唱会-北京站, <<BLOB>>, concert, 北京, 国家体育场（鸟巢）, /images/jay.jpg, 2024-06-20 19:30:00, 2024-06-20 22:30:00, 580.00, 2580.00, 1, 10000, 10000, 2024-05-01 10:00:00, 2026-02-22 11:02:05, 2026-02-22 11:02:05
2026-02-23T11:41:37.886+08:00 DEBUG 10376 --- [http-nio-8080-exec-5] c.e.t.mapper.ShowMapper.findHomeShows    : <==      Total: 10
2026-02-23T11:41:53.013+08:00 DEBUG 10376 --- [http-nio-8080-exec-7] o.s.jdbc.datasource.DataSourceUtils      : Fetching JDBC Connection from DataSource
2026-02-23T11:41:53.015+08:00 DEBUG 10376 --- [http-nio-8080-exec-7] c.e.t.mapper.ShowMapper.findHomeShows    : ==>  Preparing: SELECT * FROM `show_info` WHERE status = 1 AND city = ? ORDER BY sale_start_time DESC LIMIT ?
2026-02-23T11:41:53.016+08:00 DEBUG 10376 --- [http-nio-8080-exec-7] c.e.t.mapper.ShowMapper.findHomeShows    : ==> Parameters: 北京(String), 10(Integer)
2026-02-23T11:41:53.018+08:00 TRACE 10376 --- [http-nio-8080-exec-7] c.e.t.mapper.ShowMapper.findHomeShows    : <==    Columns: id, title, description, category, city, venue, cover_image, start_time, end_time, min_price, max_price, status, total_stock, available_stock, sale_start_time, created_at, updated_at
2026-02-23T11:41:53.018+08:00 TRACE 10376 --- [http-nio-8080-exec-7] c.e.t.mapper.ShowMapper.findHomeShows    : <==        Row: 2, 话剧《茶馆》- 北京人民艺术剧院, <<BLOB>>, drama, 北京, 首都剧场, /images/teahouse.jpg, 2024-07-15 19:00:00, 2024-07-15 21:30:00, 180.00, 880.00, 1, 500, 500, 2024-06-01 10:00:00, 2025-12-31 08:27:54, 2025-12-31 08:27:54
2026-02-23T11:41:53.021+08:00 TRACE 10376 --- [http-nio-8080-exec-7] c.e.t.mapper.ShowMapper.findHomeShows    : <==        Row: 5, 话剧《茶馆》- 北京人民艺术剧院, <<BLOB>>, drama, 北京, 首都剧场, /images/teahouse.jpg, 2024-07-15 19:00:00, 2024-07-15 21:30:00, 180.00, 880.00, 1, 500, 500, 2024-06-01 10:00:00, 2026-02-20 11:50:59, 2026-02-20 11:50:59
2026-02-23T11:41:53.021+08:00 TRACE 10376 --- [http-nio-8080-exec-7] c.e.t.mapper.ShowMapper.findHomeShows    : <==        Row: 8, 话剧《茶馆》- 北京人民艺术剧院, <<BLOB>>, drama, 北京, 首都剧场, /images/teahouse.jpg, 2024-07-15 19:00:00, 2024-07-15 21:30:00, 180.00, 880.00, 1, 500, 500, 2024-06-01 10:00:00, 2026-02-22 10:48:13, 2026-02-22 10:48:13
2026-02-23T11:41:53.023+08:00 TRACE 10376 --- [http-nio-8080-exec-7] c.e.t.mapper.ShowMapper.findHomeShows    : <==        Row: 11, 话剧《茶馆》- 北京人民艺术剧院, <<BLOB>>, drama, 北京, 首都剧场, /images/teahouse.jpg, 2024-07-15 19:00:00, 2024-07-15 21:30:00, 180.00, 880.00, 1, 500, 500, 2024-06-01 10:00:00, 2026-02-22 11:02:05, 2026-02-22 11:02:05
2026-02-23T11:41:53.025+08:00 TRACE 10376 --- [http-nio-8080-exec-7] c.e.t.mapper.ShowMapper.findHomeShows    : <==        Row: 14, 话剧《茶馆》- 北京人民艺术剧院, <<BLOB>>, drama, 北京, 首都剧场, /images/teahouse.jpg, 2024-07-15 19:00:00, 2024-07-15 21:30:00, 180.00, 880.00, 1, 500, 500, 2024-06-01 10:00:00, 2026-02-22 11:13:20, 2026-02-22 11:13:20
2026-02-23T11:41:53.025+08:00 TRACE 10376 --- [http-nio-8080-exec-7] c.e.t.mapper.ShowMapper.findHomeShows    : <==        Row: 17, 话剧《茶馆》- 北京人民艺术剧院, <<BLOB>>, drama, 北京, 首都剧场, /images/teahouse.jpg, 2024-07-15 19:00:00, 2024-07-15 21:30:00, 180.00, 880.00, 1, 500, 500, 2024-06-01 10:00:00, 2026-02-22 12:30:47, 2026-02-22 12:30:47
2026-02-23T11:41:53.029+08:00 TRACE 10376 --- [http-nio-8080-exec-7] c.e.t.mapper.ShowMapper.findHomeShows    : <==        Row: 1, 周杰伦「嘉年华」世界巡回演唱会-北京站, <<BLOB>>, concert, 北京, 国家体育场（鸟巢）, /images/jay.jpg, 2024-06-20 19:30:00, 2024-06-20 22:30:00, 580.00, 2580.00, 1, 10000, 10000, 2024-05-01 10:00:00, 2025-12-31 08:27:54, 2025-12-31 08:27:54
2026-02-23T11:41:53.033+08:00 TRACE 10376 --- [http-nio-8080-exec-7] c.e.t.mapper.ShowMapper.findHomeShows    : <==        Row: 4, 周杰伦「嘉年华」世界巡回演唱会-北京站, <<BLOB>>, concert, 北京, 国家体育场（鸟巢）, /images/jay.jpg, 2024-06-20 19:30:00, 2024-06-20 22:30:00, 580.00, 2580.00, 1, 10000, 10000, 2024-05-01 10:00:00, 2026-02-20 11:50:59, 2026-02-20 11:50:59
2026-02-23T11:41:53.035+08:00 TRACE 10376 --- [http-nio-8080-exec-7] c.e.t.mapper.ShowMapper.findHomeShows    : <==        Row: 7, 周杰伦「嘉年华」世界巡回演唱会-北京站, <<BLOB>>, concert, 北京, 国家体育场（鸟巢）, /images/jay.jpg, 2024-06-20 19:30:00, 2024-06-20 22:30:00, 580.00, 2580.00, 1, 10000, 10000, 2024-05-01 10:00:00, 2026-02-22 10:48:13, 2026-02-22 10:48:13
2026-02-23T11:41:53.035+08:00 TRACE 10376 --- [http-nio-8080-exec-7] c.e.t.mapper.ShowMapper.findHomeShows    : <==        Row: 10, 周杰伦「嘉年华」世界巡回演唱会-北京站, <<BLOB>>, concert, 北京, 国家体育场（鸟巢）, /images/jay.jpg, 2024-06-20 19:30:00, 2024-06-20 22:30:00, 580.00, 2580.00, 1, 10000, 10000, 2024-05-01 10:00:00, 2026-02-22 11:02:05, 2026-02-22 11:02:05
2026-02-23T11:41:53.035+08:00 DEBUG 10376 --- [http-nio-8080-exec-7] c.e.t.mapper.ShowMapper.findHomeShows    : <==      Total: 10
2026-02-23T11:47:46.662+08:00 DEBUG 10376 --- [http-nio-8080-exec-6] o.s.jdbc.datasource.DataSourceUtils      : Fetching JDBC Connection from DataSource
2026-02-23T11:47:46.665+08:00 DEBUG 10376 --- [http-nio-8080-exec-6] c.e.t.mapper.UserMapper.findByUsername   : ==>  Preparing: SELECT * FROM users WHERE username = ?
2026-02-23T11:47:46.665+08:00 DEBUG 10376 --- [http-nio-8080-exec-6] c.e.t.mapper.UserMapper.findByUsername   : ==> Parameters: testuser(String)
2026-02-23T11:47:46.666+08:00 TRACE 10376 --- [http-nio-8080-exec-6] c.e.t.mapper.UserMapper.findByUsername   : <==    Columns: id, username, password, nickname, phone, email, avatar, bio, gender, birthday, background_image, status, role, created_at, updated_at
2026-02-23T11:47:46.666+08:00 TRACE 10376 --- [http-nio-8080-exec-6] c.e.t.mapper.UserMapper.findByUsername   : <==        Row: 1, testuser, 123456, 麦子b2, 13800138000, test@example.com,  , , 2, 2026-01-01,  , 1, user, 2025-12-27 19:52:25, 2026-02-22 11:10:03
2026-02-23T11:47:46.673+08:00 DEBUG 10376 --- [http-nio-8080-exec-6] c.e.t.mapper.UserMapper.findByUsername   : <==      Total: 1
2026-02-23T11:47:49.638+08:00 DEBUG 10376 --- [http-nio-8080-exec-7] o.s.jdbc.datasource.DataSourceUtils      : Fetching JDBC Connection from DataSource
2026-02-23T11:47:49.638+08:00 DEBUG 10376 --- [http-nio-8080-exec-7] c.e.t.mapper.UserMapper.findByUsername   : ==>  Preparing: SELECT * FROM users WHERE username = ?
2026-02-23T11:47:49.638+08:00 DEBUG 10376 --- [http-nio-8080-exec-7] c.e.t.mapper.UserMapper.findByUsername   : ==> Parameters: testuser(String)
2026-02-23T11:47:49.641+08:00 TRACE 10376 --- [http-nio-8080-exec-7] c.e.t.mapper.UserMapper.findByUsername   : <==    Columns: id, username, password, nickname, phone, email, avatar, bio, gender, birthday, background_image, status, role, created_at, updated_at
2026-02-23T11:47:49.641+08:00 TRACE 10376 --- [http-nio-8080-exec-7] c.e.t.mapper.UserMapper.findByUsername   : <==        Row: 1, testuser, 123456, 麦子b2, 13800138000, test@example.com,  , , 2, 2026-01-01,  , 1, user, 2025-12-27 19:52:25, 2026-02-22 11:10:03
2026-02-23T11:47:49.643+08:00 DEBUG 10376 --- [http-nio-8080-exec-7] c.e.t.mapper.UserMapper.findByUsername   : <==      Total: 1
2026-02-23T11:47:50.215+08:00 DEBUG 10376 --- [http-nio-8080-exec-8] o.s.jdbc.datasource.DataSourceUtils      : Fetching JDBC Connection from DataSource
2026-02-23T11:47:50.222+08:00 DEBUG 10376 --- [http-nio-8080-exec-8] c.e.t.mapper.UserMapper.findByUsername   : ==>  Preparing: SELECT * FROM users WHERE username = ?
2026-02-23T11:47:50.224+08:00 DEBUG 10376 --- [http-nio-8080-exec-8] c.e.t.mapper.UserMapper.findByUsername   : ==> Parameters: testuser(String)
2026-02-23T11:47:50.229+08:00 TRACE 10376 --- [http-nio-8080-exec-8] c.e.t.mapper.UserMapper.findByUsername   : <==    Columns: id, username, password, nickname, phone, email, avatar, bio, gender, birthday, background_image, status, role, created_at, updated_at
2026-02-23T11:47:50.231+08:00 TRACE 10376 --- [http-nio-8080-exec-8] c.e.t.mapper.UserMapper.findByUsername   : <==        Row: 1, testuser, 123456, 麦子b2, 13800138000, test@example.com,  , , 2, 2026-01-01,  , 1, user, 2025-12-27 19:52:25, 2026-02-22 11:10:03
2026-02-23T11:47:50.231+08:00 DEBUG 10376 --- [http-nio-8080-exec-8] c.e.t.mapper.UserMapper.findByUsername   : <==      Total: 1
2026-02-23T11:47:57.935+08:00 DEBUG 10376 --- [http-nio-8080-exec-9] o.s.jdbc.datasource.DataSourceUtils      : Fetching JDBC Connection from DataSource
2026-02-23T11:47:57.937+08:00 DEBUG 10376 --- [http-nio-8080-exec-9] c.e.t.mapper.UserMapper.findByUsername   : ==>  Preparing: SELECT * FROM users WHERE username = ?
2026-02-23T11:47:57.937+08:00 DEBUG 10376 --- [http-nio-8080-exec-9] c.e.t.mapper.UserMapper.findByUsername   : ==> Parameters: testuser(String)
2026-02-23T11:47:57.940+08:00 TRACE 10376 --- [http-nio-8080-exec-9] c.e.t.mapper.UserMapper.findByUsername   : <==    Columns: id, username, password, nickname, phone, email, avatar, bio, gender, birthday, background_image, status, role, created_at, updated_at
2026-02-23T11:47:57.942+08:00 TRACE 10376 --- [http-nio-8080-exec-9] c.e.t.mapper.UserMapper.findByUsername   : <==        Row: 1, testuser, 123456, 麦子b2, 13800138000, test@example.com,  , , 2, 2026-01-01,  , 1, user, 2025-12-27 19:52:25, 2026-02-22 11:10:03
2026-02-23T11:47:57.942+08:00 DEBUG 10376 --- [http-nio-8080-exec-9] c.e.t.mapper.UserMapper.findByUsername   : <==      Total: 1
2026-02-23T11:47:59.081+08:00 DEBUG 10376 --- [http-nio-8080-exec-10] o.s.jdbc.datasource.DataSourceUtils      : Fetching JDBC Connection from DataSource
2026-02-23T11:47:59.084+08:00 DEBUG 10376 --- [http-nio-8080-exec-10] c.e.t.mapper.UserMapper.findByUsername   : ==>  Preparing: SELECT * FROM users WHERE username = ?
2026-02-23T11:47:59.084+08:00 DEBUG 10376 --- [http-nio-8080-exec-10] c.e.t.mapper.UserMapper.findByUsername   : ==> Parameters: testuser(String)
2026-02-23T11:47:59.091+08:00 TRACE 10376 --- [http-nio-8080-exec-10] c.e.t.mapper.UserMapper.findByUsername   : <==    Columns: id, username, password, nickname, phone, email, avatar, bio, gender, birthday, background_image, status, role, created_at, updated_at
2026-02-23T11:47:59.091+08:00 TRACE 10376 --- [http-nio-8080-exec-10] c.e.t.mapper.UserMapper.findByUsername   : <==        Row: 1, testuser, 123456, 麦子b2, 13800138000, test@example.com,  , , 2, 2026-01-01,  , 1, user, 2025-12-27 19:52:25, 2026-02-22 11:10:03
2026-02-23T11:47:59.097+08:00 DEBUG 10376 --- [http-nio-8080-exec-10] c.e.t.mapper.UserMapper.findByUsername   : <==      Total: 1
2026-02-23T11:54:52.399+08:00 DEBUG 10376 --- [http-nio-8080-exec-6] o.s.jdbc.datasource.DataSourceUtils      : Fetching JDBC Connection from DataSource
2026-02-23T11:54:52.403+08:00 DEBUG 10376 --- [http-nio-8080-exec-6] c.e.t.mapper.UserMapper.findByUsername   : ==>  Preparing: SELECT * FROM users WHERE username = ?
2026-02-23T11:54:52.403+08:00 DEBUG 10376 --- [http-nio-8080-exec-6] c.e.t.mapper.UserMapper.findByUsername   : ==> Parameters: testuser(String)
2026-02-23T11:54:52.407+08:00 TRACE 10376 --- [http-nio-8080-exec-6] c.e.t.mapper.UserMapper.findByUsername   : <==    Columns: id, username, password, nickname, phone, email, avatar, bio, gender, birthday, background_image, status, role, created_at, updated_at
2026-02-23T11:54:52.409+08:00 TRACE 10376 --- [http-nio-8080-exec-6] c.e.t.mapper.UserMapper.findByUsername   : <==        Row: 1, testuser, 123456, 麦子b2, 13800138000, test@example.com,  , , 2, 2026-01-01,  , 1, user, 2025-12-27 19:52:25, 2026-02-22 11:10:03
2026-02-23T11:54:52.409+08:00 DEBUG 10376 --- [http-nio-8080-exec-6] c.e.t.mapper.UserMapper.findByUsername   : <==      Total: 1
2026-02-23T11:55:02.796+08:00 DEBUG 10376 --- [http-nio-8080-exec-7] o.s.jdbc.datasource.DataSourceUtils      : Fetching JDBC Connection from DataSource
2026-02-23T11:55:02.801+08:00 DEBUG 10376 --- [http-nio-8080-exec-7] c.e.t.mapper.UserMapper.findByUsername   : ==>  Preparing: SELECT * FROM users WHERE username = ?
2026-02-23T11:55:02.803+08:00 DEBUG 10376 --- [http-nio-8080-exec-7] c.e.t.mapper.UserMapper.findByUsername   : ==> Parameters: testuser(String)
2026-02-23T11:55:02.807+08:00 TRACE 10376 --- [http-nio-8080-exec-7] c.e.t.mapper.UserMapper.findByUsername   : <==    Columns: id, username, password, nickname, phone, email, avatar, bio, gender, birthday, background_image, status, role, created_at, updated_at
2026-02-23T11:55:02.807+08:00 TRACE 10376 --- [http-nio-8080-exec-7] c.e.t.mapper.UserMapper.findByUsername   : <==        Row: 1, testuser, 123456, 麦子b2, 13800138000, test@example.com,  , , 2, 2026-01-01,  , 1, user, 2025-12-27 19:52:25, 2026-02-22 11:10:03
2026-02-23T11:55:02.807+08:00 DEBUG 10376 --- [http-nio-8080-exec-7] c.e.t.mapper.UserMapper.findByUsername   : <==      Total: 1
2026-02-23T11:55:10.381+08:00 DEBUG 10376 --- [http-nio-8080-exec-8] o.s.jdbc.datasource.DataSourceUtils      : Fetching JDBC Connection from DataSource
2026-02-23T11:55:10.382+08:00 DEBUG 10376 --- [http-nio-8080-exec-8] c.e.t.mapper.UserMapper.findByUsername   : ==>  Preparing: SELECT * FROM users WHERE username = ?
2026-02-23T11:55:10.383+08:00 DEBUG 10376 --- [http-nio-8080-exec-8] c.e.t.mapper.UserMapper.findByUsername   : ==> Parameters: testuser(String)
2026-02-23T11:55:10.387+08:00 TRACE 10376 --- [http-nio-8080-exec-8] c.e.t.mapper.UserMapper.findByUsername   : <==    Columns: id, username, password, nickname, phone, email, avatar, bio, gender, birthday, background_image, status, role, created_at, updated_at
2026-02-23T11:55:10.388+08:00 TRACE 10376 --- [http-nio-8080-exec-8] c.e.t.mapper.UserMapper.findByUsername   : <==        Row: 1, testuser, 123456, 麦子b2, 13800138000, test@example.com,  , , 2, 2026-01-01,  , 1, user, 2025-12-27 19:52:25, 2026-02-22 11:10:03
2026-02-23T11:55:10.388+08:00 DEBUG 10376 --- [http-nio-8080-exec-8] c.e.t.mapper.UserMapper.findByUsername   : <==      Total: 1
2026-02-23T12:00:29.404+08:00  WARN 10376 --- [HikariPool-1 housekeeper] com.zaxxer.hikari.pool.HikariPool        : HikariPool-1 - Thread starvation or clock leap detected (housekeeper delta=4m12s960ms574µs400ns).
2026-02-23T12:01:07.947+08:00 DEBUG 10376 --- [http-nio-8080-exec-1] o.s.jdbc.datasource.DataSourceUtils      : Fetching JDBC Connection from DataSource
2026-02-23T12:01:07.949+08:00 DEBUG 10376 --- [http-nio-8080-exec-1] c.e.t.mapper.UserMapper.findByUsername   : ==>  Preparing: SELECT * FROM users WHERE username = ?
2026-02-23T12:01:07.951+08:00 DEBUG 10376 --- [http-nio-8080-exec-1] c.e.t.mapper.UserMapper.findByUsername   : ==> Parameters: string(String)
2026-02-23T12:01:07.951+08:00 TRACE 10376 --- [http-nio-8080-exec-1] c.e.t.mapper.UserMapper.findByUsername   : <==    Columns: id, username, password, nickname, phone, email, avatar, bio, gender, birthday, background_image, status, role, created_at, updated_at
2026-02-23T12:01:07.951+08:00 TRACE 10376 --- [http-nio-8080-exec-1] c.e.t.mapper.UserMapper.findByUsername   : <==        Row: 5, string, string, string, string, string, null, null, 0, null, null, 1, user, 2025-12-30 20:37:08, 2025-12-30 20:37:08
2026-02-23T12:01:07.955+08:00 DEBUG 10376 --- [http-nio-8080-exec-1] c.e.t.mapper.UserMapper.findByUsername   : <==      Total: 1
2026-02-23T13:22:05.443+08:00  WARN 10376 --- [HikariPool-1 housekeeper] com.zaxxer.hikari.pool.HikariPool        : HikariPool-1 - Thread starvation or clock leap detected (housekeeper delta=1h16m5s920ms5µs200ns).
2026-02-23T13:29:25.140+08:00 DEBUG 10376 --- [http-nio-8080-exec-4] o.s.jdbc.datasource.DataSourceUtils      : Fetching JDBC Connection from DataSource
2026-02-23T13:29:25.147+08:00 DEBUG 10376 --- [http-nio-8080-exec-4] c.e.t.mapper.UserMapper.findByUsername   : ==>  Preparing: SELECT * FROM users WHERE username = ?
2026-02-23T13:29:25.147+08:00 DEBUG 10376 --- [http-nio-8080-exec-4] c.e.t.mapper.UserMapper.findByUsername   : ==> Parameters: testuser(String)
2026-02-23T13:29:25.153+08:00 TRACE 10376 --- [http-nio-8080-exec-4] c.e.t.mapper.UserMapper.findByUsername   : <==    Columns: id, username, password, nickname, phone, email, avatar, bio, gender, birthday, background_image, status, role, created_at, updated_at
2026-02-23T13:29:25.153+08:00 TRACE 10376 --- [http-nio-8080-exec-4] c.e.t.mapper.UserMapper.findByUsername   : <==        Row: 1, testuser, 123456, 麦子b2, 13800138000, test@example.com,  , , 2, 2026-01-01,  , 1, user, 2025-12-27 19:52:25, 2026-02-22 11:10:03
2026-02-23T13:29:25.153+08:00 DEBUG 10376 --- [http-nio-8080-exec-4] c.e.t.mapper.UserMapper.findByUsername   : <==      Total: 1
2026-02-23T13:31:30.548+08:00 DEBUG 10376 --- [http-nio-8080-exec-7] o.s.jdbc.datasource.DataSourceUtils      : Fetching JDBC Connection from DataSource
2026-02-23T13:31:30.550+08:00 DEBUG 10376 --- [http-nio-8080-exec-7] c.e.t.mapper.UserMapper.findByUsername   : ==>  Preparing: SELECT * FROM users WHERE username = ?
2026-02-23T13:31:30.552+08:00 DEBUG 10376 --- [http-nio-8080-exec-7] c.e.t.mapper.UserMapper.findByUsername   : ==> Parameters: admin(String)
2026-02-23T13:31:30.554+08:00 TRACE 10376 --- [http-nio-8080-exec-7] c.e.t.mapper.UserMapper.findByUsername   : <==    Columns: id, username, password, nickname, phone, email, avatar, bio, gender, birthday, background_image, status, role, created_at, updated_at
2026-02-23T13:31:30.554+08:00 TRACE 10376 --- [http-nio-8080-exec-7] c.e.t.mapper.UserMapper.findByUsername   : <==        Row: 2, admin, 123456, 管理员, 13900139000, admin@example.com, null, null, 0, null, null, 1, admin, 2025-12-27 19:52:25, 2025-12-27 19:52:25
2026-02-23T13:31:30.556+08:00 DEBUG 10376 --- [http-nio-8080-exec-7] c.e.t.mapper.UserMapper.findByUsername   : <==      Total: 1
2026-02-23T13:33:45.679+08:00  WARN 10376 --- [HikariPool-1 housekeeper] com.zaxxer.hikari.pool.HikariPool        : HikariPool-1 - Thread starvation or clock leap detected (housekeeper delta=2m10s55ms62µs400ns).
2026-02-23T13:46:04.343+08:00  WARN 10376 --- [HikariPool-1 housekeeper] com.zaxxer.hikari.pool.HikariPool        : HikariPool-1 - Thread starvation or clock leap detected (housekeeper delta=9m18s618ms13µs).
2026-02-23T13:50:43.158+08:00 DEBUG 10376 --- [http-nio-8080-exec-9] o.s.jdbc.datasource.DataSourceUtils      : Fetching JDBC Connection from DataSource
2026-02-23T13:50:43.162+08:00 DEBUG 10376 --- [http-nio-8080-exec-9] c.e.t.mapper.UserMapper.findByUsername   : ==>  Preparing: SELECT * FROM users WHERE username = ?
2026-02-23T13:50:43.163+08:00 DEBUG 10376 --- [http-nio-8080-exec-9] c.e.t.mapper.UserMapper.findByUsername   : ==> Parameters: admin(String)
2026-02-23T13:50:43.165+08:00 TRACE 10376 --- [http-nio-8080-exec-9] c.e.t.mapper.UserMapper.findByUsername   : <==    Columns: id, username, password, nickname, phone, email, avatar, bio, gender, birthday, background_image, status, role, created_at, updated_at
2026-02-23T13:50:43.168+08:00 TRACE 10376 --- [http-nio-8080-exec-9] c.e.t.mapper.UserMapper.findByUsername   : <==        Row: 2, admin, 123456, 管理员, 13900139000, admin@example.com, null, null, 0, null, null, 1, admin, 2025-12-27 19:52:25, 2025-12-27 19:52:25
2026-02-23T13:50:43.168+08:00 DEBUG 10376 --- [http-nio-8080-exec-9] c.e.t.mapper.UserMapper.findByUsername   : <==      Total: 1
2026-02-23T14:00:05.610+08:00  WARN 10376 --- [HikariPool-1 housekeeper] com.zaxxer.hikari.pool.HikariPool        : HikariPool-1 - Thread starvation or clock leap detected (housekeeper delta=9m1s181ms702µs900ns).
2026-02-23T14:00:32.724+08:00 DEBUG 10376 --- [http-nio-8080-exec-4] o.s.jdbc.datasource.DataSourceUtils      : Fetching JDBC Connection from DataSource
2026-02-23T14:00:32.726+08:00 DEBUG 10376 --- [http-nio-8080-exec-4] c.e.t.mapper.ShowMapper.findHomeShows    : ==>  Preparing: SELECT * FROM `show_info` WHERE status = 1 AND city = ? ORDER BY sale_start_time DESC LIMIT ?
2026-02-23T14:00:32.728+08:00 DEBUG 10376 --- [http-nio-8080-exec-4] c.e.t.mapper.ShowMapper.findHomeShows    : ==> Parameters: 北京(String), 10(Integer)
2026-02-23T14:00:32.733+08:00 TRACE 10376 --- [http-nio-8080-exec-4] c.e.t.mapper.ShowMapper.findHomeShows    : <==    Columns: id, title, description, category, city, venue, cover_image, start_time, end_time, min_price, max_price, status, total_stock, available_stock, sale_start_time, created_at, updated_at
2026-02-23T14:00:32.736+08:00 TRACE 10376 --- [http-nio-8080-exec-4] c.e.t.mapper.ShowMapper.findHomeShows    : <==        Row: 2, 话剧《茶馆》- 北京人民艺术剧院, <<BLOB>>, drama, 北京, 首都剧场, /images/teahouse.jpg, 2024-07-15 19:00:00, 2024-07-15 21:30:00, 180.00, 880.00, 1, 500, 500, 2024-06-01 10:00:00, 2025-12-31 08:27:54, 2025-12-31 08:27:54
2026-02-23T14:00:32.739+08:00 TRACE 10376 --- [http-nio-8080-exec-4] c.e.t.mapper.ShowMapper.findHomeShows    : <==        Row: 5, 话剧《茶馆》- 北京人民艺术剧院, <<BLOB>>, drama, 北京, 首都剧场, /images/teahouse.jpg, 2024-07-15 19:00:00, 2024-07-15 21:30:00, 180.00, 880.00, 1, 500, 500, 2024-06-01 10:00:00, 2026-02-20 11:50:59, 2026-02-20 11:50:59
2026-02-23T14:00:32.740+08:00 TRACE 10376 --- [http-nio-8080-exec-4] c.e.t.mapper.ShowMapper.findHomeShows    : <==        Row: 8, 话剧《茶馆》- 北京人民艺术剧院, <<BLOB>>, drama, 北京, 首都剧场, /images/teahouse.jpg, 2024-07-15 19:00:00, 2024-07-15 21:30:00, 180.00, 880.00, 1, 500, 500, 2024-06-01 10:00:00, 2026-02-22 10:48:13, 2026-02-22 10:48:13
2026-02-23T14:00:32.742+08:00 TRACE 10376 --- [http-nio-8080-exec-4] c.e.t.mapper.ShowMapper.findHomeShows    : <==        Row: 11, 话剧《茶馆》- 北京人民艺术剧院, <<BLOB>>, drama, 北京, 首都剧场, /images/teahouse.jpg, 2024-07-15 19:00:00, 2024-07-15 21:30:00, 180.00, 880.00, 1, 500, 500, 2024-06-01 10:00:00, 2026-02-22 11:02:05, 2026-02-22 11:02:05
2026-02-23T14:00:32.744+08:00 TRACE 10376 --- [http-nio-8080-exec-4] c.e.t.mapper.ShowMapper.findHomeShows    : <==        Row: 14, 话剧《茶馆》- 北京人民艺术剧院, <<BLOB>>, drama, 北京, 首都剧场, /images/teahouse.jpg, 2024-07-15 19:00:00, 2024-07-15 21:30:00, 180.00, 880.00, 1, 500, 500, 2024-06-01 10:00:00, 2026-02-22 11:13:20, 2026-02-22 11:13:20
2026-02-23T14:00:32.744+08:00 TRACE 10376 --- [http-nio-8080-exec-4] c.e.t.mapper.ShowMapper.findHomeShows    : <==        Row: 17, 话剧《茶馆》- 北京人民艺术剧院, <<BLOB>>, drama, 北京, 首都剧场, /images/teahouse.jpg, 2024-07-15 19:00:00, 2024-07-15 21:30:00, 180.00, 880.00, 1, 500, 500, 2024-06-01 10:00:00, 2026-02-22 12:30:47, 2026-02-22 12:30:47
2026-02-23T14:00:32.744+08:00 TRACE 10376 --- [http-nio-8080-exec-4] c.e.t.mapper.ShowMapper.findHomeShows    : <==        Row: 1, 周杰伦「嘉年华」世界巡回演唱会-北京站, <<BLOB>>, concert, 北京, 国家体育场（鸟巢）, /images/jay.jpg, 2024-06-20 19:30:00, 2024-06-20 22:30:00, 580.00, 2580.00, 1, 10000, 10000, 2024-05-01 10:00:00, 2025-12-31 08:27:54, 2025-12-31 08:27:54
2026-02-23T14:00:32.747+08:00 TRACE 10376 --- [http-nio-8080-exec-4] c.e.t.mapper.ShowMapper.findHomeShows    : <==        Row: 4, 周杰伦「嘉年华」世界巡回演唱会-北京站, <<BLOB>>, concert, 北京, 国家体育场（鸟巢）, /images/jay.jpg, 2024-06-20 19:30:00, 2024-06-20 22:30:00, 580.00, 2580.00, 1, 10000, 10000, 2024-05-01 10:00:00, 2026-02-20 11:50:59, 2026-02-20 11:50:59
2026-02-23T14:00:32.749+08:00 TRACE 10376 --- [http-nio-8080-exec-4] c.e.t.mapper.ShowMapper.findHomeShows    : <==        Row: 7, 周杰伦「嘉年华」世界巡回演唱会-北京站, <<BLOB>>, concert, 北京, 国家体育场（鸟巢）, /images/jay.jpg, 2024-06-20 19:30:00, 2024-06-20 22:30:00, 580.00, 2580.00, 1, 10000, 10000, 2024-05-01 10:00:00, 2026-02-22 10:48:13, 2026-02-22 10:48:13
2026-02-23T14:00:32.749+08:00 TRACE 10376 --- [http-nio-8080-exec-4] c.e.t.mapper.ShowMapper.findHomeShows    : <==        Row: 10, 周杰伦「嘉年华」世界巡回演唱会-北京站, <<BLOB>>, concert, 北京, 国家体育场（鸟巢）, /images/jay.jpg, 2024-06-20 19:30:00, 2024-06-20 22:30:00, 580.00, 2580.00, 1, 10000, 10000, 2024-05-01 10:00:00, 2026-02-22 11:02:05, 2026-02-22 11:02:05
2026-02-23T14:00:32.749+08:00 DEBUG 10376 --- [http-nio-8080-exec-4] c.e.t.mapper.ShowMapper.findHomeShows    : <==      Total: 10
2026-02-23T14:01:29.183+08:00 DEBUG 10376 --- [http-nio-8080-exec-7] o.s.jdbc.datasource.DataSourceUtils      : Fetching JDBC Connection from DataSource
2026-02-23T14:01:29.183+08:00 DEBUG 10376 --- [http-nio-8080-exec-7] c.e.t.mapper.UserMapper.findByUsername   : ==>  Preparing: SELECT * FROM users WHERE username = ?
2026-02-23T14:01:29.187+08:00 DEBUG 10376 --- [http-nio-8080-exec-7] c.e.t.mapper.UserMapper.findByUsername   : ==> Parameters: admin(String)
2026-02-23T14:01:29.189+08:00 TRACE 10376 --- [http-nio-8080-exec-7] c.e.t.mapper.UserMapper.findByUsername   : <==    Columns: id, username, password, nickname, phone, email, avatar, bio, gender, birthday, background_image, status, role, created_at, updated_at
2026-02-23T14:01:29.189+08:00 TRACE 10376 --- [http-nio-8080-exec-7] c.e.t.mapper.UserMapper.findByUsername   : <==        Row: 2, admin, 123456, 管理员, 13900139000, admin@example.com, null, null, 0, null, null, 1, admin, 2025-12-27 19:52:25, 2025-12-27 19:52:25
2026-02-23T14:01:29.189+08:00 DEBUG 10376 --- [http-nio-8080-exec-7] c.e.t.mapper.UserMapper.findByUsername   : <==      Total: 1
2026-02-23T15:32:41.587+08:00  WARN 10376 --- [HikariPool-1 housekeeper] com.zaxxer.hikari.pool.HikariPool        : HikariPool-1 - Thread starvation or clock leap detected (housekeeper delta=1h28m5s905ms123µs400ns).
2026-02-23T15:43:41.079+08:00  WARN 10376 --- [HikariPool-1 housekeeper] com.zaxxer.hikari.pool.HikariPool        : HikariPool-1 - Thread starvation or clock leap detected (housekeeper delta=8m29s379ms910µs800ns).
2026-02-23T15:50:56.079+08:00 DEBUG 10376 --- [http-nio-8080-exec-4] o.s.jdbc.datasource.DataSourceUtils      : Fetching JDBC Connection from DataSource
2026-02-23T15:50:56.079+08:00 DEBUG 10376 --- [http-nio-8080-exec-4] c.e.t.mapper.UserMapper.findByUsername   : ==>  Preparing: SELECT * FROM users WHERE username = ?
2026-02-23T15:50:56.079+08:00 DEBUG 10376 --- [http-nio-8080-exec-4] c.e.t.mapper.UserMapper.findByUsername   : ==> Parameters: string(String)
2026-02-23T15:50:56.090+08:00 TRACE 10376 --- [http-nio-8080-exec-4] c.e.t.mapper.UserMapper.findByUsername   : <==    Columns: id, username, password, nickname, phone, email, avatar, bio, gender, birthday, background_image, status, role, created_at, updated_at
2026-02-23T15:50:56.090+08:00 TRACE 10376 --- [http-nio-8080-exec-4] c.e.t.mapper.UserMapper.findByUsername   : <==        Row: 5, string, string, string, string, string, null, null, 0, null, null, 1, user, 2025-12-30 20:37:08, 2025-12-30 20:37:08
2026-02-23T15:50:56.093+08:00 DEBUG 10376 --- [http-nio-8080-exec-4] c.e.t.mapper.UserMapper.findByUsername   : <==      Total: 1
2026-02-23T15:52:31.322+08:00 DEBUG 10376 --- [http-nio-8080-exec-8] o.s.jdbc.datasource.DataSourceUtils      : Fetching JDBC Connection from DataSource
2026-02-23T15:52:31.324+08:00 DEBUG 10376 --- [http-nio-8080-exec-8] c.e.t.mapper.UserMapper.findByUsername   : ==>  Preparing: SELECT * FROM users WHERE username = ?
2026-02-23T15:52:31.324+08:00 DEBUG 10376 --- [http-nio-8080-exec-8] c.e.t.mapper.UserMapper.findByUsername   : ==> Parameters: testuser(String)
2026-02-23T15:52:31.324+08:00 TRACE 10376 --- [http-nio-8080-exec-8] c.e.t.mapper.UserMapper.findByUsername   : <==    Columns: id, username, password, nickname, phone, email, avatar, bio, gender, birthday, background_image, status, role, created_at, updated_at
2026-02-23T15:52:31.324+08:00 TRACE 10376 --- [http-nio-8080-exec-8] c.e.t.mapper.UserMapper.findByUsername   : <==        Row: 1, testuser, 123456, 麦子b2, 13800138000, test@example.com,  , , 2, 2026-01-01,  , 1, user, 2025-12-27 19:52:25, 2026-02-22 11:10:03
2026-02-23T15:52:31.329+08:00 DEBUG 10376 --- [http-nio-8080-exec-8] c.e.t.mapper.UserMapper.findByUsername   : <==      Total: 1
2026-02-23T15:55:02.409+08:00 DEBUG 10376 --- [http-nio-8080-exec-2] o.s.jdbc.datasource.DataSourceUtils      : Fetching JDBC Connection from DataSource
2026-02-23T15:55:02.411+08:00 DEBUG 10376 --- [http-nio-8080-exec-2] c.e.t.mapper.UserMapper.findByUsername   : ==>  Preparing: SELECT * FROM users WHERE username = ?
2026-02-23T15:55:02.411+08:00 DEBUG 10376 --- [http-nio-8080-exec-2] c.e.t.mapper.UserMapper.findByUsername   : ==> Parameters: testuser(String)
2026-02-23T15:55:02.416+08:00 TRACE 10376 --- [http-nio-8080-exec-2] c.e.t.mapper.UserMapper.findByUsername   : <==    Columns: id, username, password, nickname, phone, email, avatar, bio, gender, birthday, background_image, status, role, created_at, updated_at
2026-02-23T15:55:02.416+08:00 TRACE 10376 --- [http-nio-8080-exec-2] c.e.t.mapper.UserMapper.findByUsername   : <==        Row: 1, testuser, 123456, 麦子b2, 13800138000, test@example.com,  , , 2, 2026-01-01,  , 1, user, 2025-12-27 19:52:25, 2026-02-22 11:10:03
2026-02-23T15:55:02.417+08:00 DEBUG 10376 --- [http-nio-8080-exec-2] c.e.t.mapper.UserMapper.findByUsername   : <==      Total: 1
2026-02-23T16:22:43.029+08:00  WARN 10376 --- [HikariPool-1 housekeeper] com.zaxxer.hikari.pool.HikariPool        : HikariPool-1 - Thread starvation or clock leap detected (housekeeper delta=6m1s447ms308µs500ns).
2026-02-23T17:41:05.171+08:00  WARN 10376 --- [HikariPool-1 housekeeper] com.zaxxer.hikari.pool.HikariPool        : HikariPool-1 - Thread starvation or clock leap detected (housekeeper delta=50s950ms785µs800ns).
2026-02-23T17:45:55.823+08:00  INFO 10376 --- [SpringApplicationShutdownHook] com.zaxxer.hikari.HikariDataSource       : HikariPool-1 - Shutdown initiated...
2026-02-23T17:45:55.831+08:00  INFO 10376 --- [SpringApplicationShutdownHook] com.zaxxer.hikari.HikariDataSource       : HikariPool-1 - Shutdown completed.
